{"name":"verifyAverageUnchangedAfterSameGradeSelection","status":"failed","statusDetails":{"known":false,"muted":false,"flaky":false,"message":"Başarısız: Ortalama aynı not seçildikten sonra değişti. expected [true] but found [false]","trace":"java.lang.AssertionError: Başarısız: Ortalama aynı not seçildikten sonra değişti. expected [true] but found [false]\n\tat org.testng.Assert.fail(Assert.java:111)\n\tat org.testng.Assert.failNotEquals(Assert.java:1578)\n\tat org.testng.Assert.assertTrue(Assert.java:57)\n\tat tests.TranscriptTests.lambda$verifyAverageUnchangedAfterSameGradeSelection$8(TranscriptTests.java:104)\n\tat io.qameta.allure.Allure.lambda$step$0(Allure.java:113)\n\tat io.qameta.allure.Allure.lambda$step$1(Allure.java:127)\n\tat io.qameta.allure.Allure.step(Allure.java:181)\n\tat io.qameta.allure.Allure.step(Allure.java:125)\n\tat io.qameta.allure.Allure.step(Allure.java:112)\n\tat tests.TranscriptTests.verifyAverageUnchangedAfterSameGradeSelection(TranscriptTests.java:102)\n\tat java.base/jdk.internal.reflect.DirectMethodHandleAccessor.invoke(DirectMethodHandleAccessor.java:104)\n\tat java.base/java.lang.reflect.Method.invoke(Method.java:578)\n\tat org.testng.internal.invokers.MethodInvocationHelper.invokeMethod(MethodInvocationHelper.java:139)\n\tat org.testng.internal.invokers.TestInvoker.invokeMethod(TestInvoker.java:664)\n\tat org.testng.internal.invokers.TestInvoker.invokeTestMethod(TestInvoker.java:228)\n\tat org.testng.internal.invokers.MethodRunner.runInSequence(MethodRunner.java:63)\n\tat org.testng.internal.invokers.TestInvoker$MethodInvocationAgent.invoke(TestInvoker.java:961)\n\tat org.testng.internal.invokers.TestInvoker.invokeTestMethods(TestInvoker.java:201)\n\tat org.testng.internal.invokers.TestMethodWorker.invokeTestMethods(TestMethodWorker.java:148)\n\tat org.testng.internal.invokers.TestMethodWorker.run(TestMethodWorker.java:128)\n\tat java.base/java.util.ArrayList.forEach(ArrayList.java:1511)\n\tat org.testng.TestRunner.privateRun(TestRunner.java:819)\n\tat org.testng.TestRunner.run(TestRunner.java:619)\n\tat org.testng.SuiteRunner.runTest(SuiteRunner.java:443)\n\tat org.testng.SuiteRunner.runSequentially(SuiteRunner.java:437)\n\tat org.testng.SuiteRunner.privateRun(SuiteRunner.java:397)\n\tat org.testng.SuiteRunner.run(SuiteRunner.java:336)\n\tat org.testng.SuiteRunnerWorker.runSuite(SuiteRunnerWorker.java:52)\n\tat org.testng.SuiteRunnerWorker.run(SuiteRunnerWorker.java:95)\n\tat org.testng.TestNG.runSuitesSequentially(TestNG.java:1301)\n\tat org.testng.TestNG.runSuitesLocally(TestNG.java:1228)\n\tat org.testng.TestNG.runSuites(TestNG.java:1134)\n\tat org.testng.TestNG.run(TestNG.java:1101)\n\tat com.intellij.rt.testng.IDEARemoteTestNG.run(IDEARemoteTestNG.java:65)\n\tat com.intellij.rt.testng.RemoteTestNGStarter.main(RemoteTestNGStarter.java:105)\n"},"stage":"finished","description":"Verify if the total average remains unchanged after selecting the same grade","steps":[{"name":"Login to the application with valid credentials","status":"passed","stage":"finished","steps":[],"attachments":[],"parameters":[],"start":1730233913100,"stop":1730234015529},{"name":"Navigate to the Student Information Screen","status":"passed","stage":"finished","steps":[],"attachments":[],"parameters":[],"start":1730234015529,"stop":1730234035019},{"name":"Navigate to the Transcript Page","status":"passed","stage":"finished","steps":[],"attachments":[],"parameters":[],"start":1730234035020,"stop":1730234042221},{"name":"Open Transcript Calculation Page","status":"passed","stage":"finished","steps":[],"attachments":[],"parameters":[],"start":1730234042224,"stop":1730234043118},{"name":"Select the same grade and verify if the average remains unchanged","status":"failed","statusDetails":{"known":false,"muted":false,"flaky":false,"message":"Başarısız: Ortalama aynı not seçildikten sonra değişti. expected [true] but found [false]","trace":"java.lang.AssertionError: Başarısız: Ortalama aynı not seçildikten sonra değişti. expected [true] but found [false]\n\tat org.testng.Assert.fail(Assert.java:111)\n\tat org.testng.Assert.failNotEquals(Assert.java:1578)\n\tat org.testng.Assert.assertTrue(Assert.java:57)\n\tat tests.TranscriptTests.lambda$verifyAverageUnchangedAfterSameGradeSelection$8(TranscriptTests.java:104)\n\tat io.qameta.allure.Allure.lambda$step$0(Allure.java:113)\n\tat io.qameta.allure.Allure.lambda$step$1(Allure.java:127)\n\tat io.qameta.allure.Allure.step(Allure.java:181)\n\tat io.qameta.allure.Allure.step(Allure.java:125)\n\tat io.qameta.allure.Allure.step(Allure.java:112)\n\tat tests.TranscriptTests.verifyAverageUnchangedAfterSameGradeSelection(TranscriptTests.java:102)\n\tat java.base/jdk.internal.reflect.DirectMethodHandleAccessor.invoke(DirectMethodHandleAccessor.java:104)\n\tat java.base/java.lang.reflect.Method.invoke(Method.java:578)\n\tat org.testng.internal.invokers.MethodInvocationHelper.invokeMethod(MethodInvocationHelper.java:139)\n\tat org.testng.internal.invokers.TestInvoker.invokeMethod(TestInvoker.java:664)\n\tat org.testng.internal.invokers.TestInvoker.invokeTestMethod(TestInvoker.java:228)\n\tat org.testng.internal.invokers.MethodRunner.runInSequence(MethodRunner.java:63)\n\tat org.testng.internal.invokers.TestInvoker$MethodInvocationAgent.invoke(TestInvoker.java:961)\n\tat org.testng.internal.invokers.TestInvoker.invokeTestMethods(TestInvoker.java:201)\n\tat org.testng.internal.invokers.TestMethodWorker.invokeTestMethods(TestMethodWorker.java:148)\n\tat org.testng.internal.invokers.TestMethodWorker.run(TestMethodWorker.java:128)\n\tat java.base/java.util.ArrayList.forEach(ArrayList.java:1511)\n\tat org.testng.TestRunner.privateRun(TestRunner.java:819)\n\tat org.testng.TestRunner.run(TestRunner.java:619)\n\tat org.testng.SuiteRunner.runTest(SuiteRunner.java:443)\n\tat org.testng.SuiteRunner.runSequentially(SuiteRunner.java:437)\n\tat org.testng.SuiteRunner.privateRun(SuiteRunner.java:397)\n\tat org.testng.SuiteRunner.run(SuiteRunner.java:336)\n\tat org.testng.SuiteRunnerWorker.runSuite(SuiteRunnerWorker.java:52)\n\tat org.testng.SuiteRunnerWorker.run(SuiteRunnerWorker.java:95)\n\tat org.testng.TestNG.runSuitesSequentially(TestNG.java:1301)\n\tat org.testng.TestNG.runSuitesLocally(TestNG.java:1228)\n\tat org.testng.TestNG.runSuites(TestNG.java:1134)\n\tat org.testng.TestNG.run(TestNG.java:1101)\n\tat com.intellij.rt.testng.IDEARemoteTestNG.run(IDEARemoteTestNG.java:65)\n\tat com.intellij.rt.testng.RemoteTestNGStarter.main(RemoteTestNGStarter.java:105)\n"},"stage":"finished","steps":[],"attachments":[],"parameters":[],"start":1730234043119,"stop":1730234046245}],"attachments":[],"parameters":[],"start":1730233913098,"stop":1730234046246,"uuid":"0bef8e89-e955-470f-b5d5-19cc0fdc8e4e","historyId":"f070d68b11b0a5c00cba1e91b0a0942c","fullName":"tests.TranscriptTests.verifyAverageUnchangedAfterSameGradeSelection","labels":[{"name":"package","value":"tests.TranscriptTests"},{"name":"testClass","value":"tests.TranscriptTests"},{"name":"testMethod","value":"verifyAverageUnchangedAfterSameGradeSelection"},{"name":"parentSuite","value":"Default Suite"},{"name":"suite","value":"Ubys_Test_Automation"},{"name":"subSuite","value":"tests.TranscriptTests"},{"name":"host","value":"192.168.1.4"},{"name":"thread","value":"5295@192.168.1.4.main(1)"},{"name":"framework","value":"testng"},{"name":"language","value":"java"},{"name":"feature","value":"Transcript Page Select Tests"}],"links":[]}