{"name":"sendMessageInTheControversyField","status":"broken","statusDetails":{"known":false,"muted":false,"flaky":false,"message":"Index 0 out of bounds for length 0","trace":"java.lang.IndexOutOfBoundsException: Index 0 out of bounds for length 0\n\tat java.base/jdk.internal.util.Preconditions.outOfBounds(Preconditions.java:100)\n\tat java.base/jdk.internal.util.Preconditions.outOfBoundsCheckIndex(Preconditions.java:106)\n\tat java.base/jdk.internal.util.Preconditions.checkIndex(Preconditions.java:302)\n\tat java.base/java.util.Objects.checkIndex(Objects.java:385)\n\tat java.base/java.util.ArrayList.get(ArrayList.java:427)\n\tat tests.MyLessonTests.lambda$sendMessageInTheControversyField$13(MyLessonTests.java:128)\n\tat io.qameta.allure.Allure.lambda$step$0(Allure.java:113)\n\tat io.qameta.allure.Allure.lambda$step$1(Allure.java:127)\n\tat io.qameta.allure.Allure.step(Allure.java:181)\n\tat io.qameta.allure.Allure.step(Allure.java:125)\n\tat io.qameta.allure.Allure.step(Allure.java:112)\n\tat tests.MyLessonTests.sendMessageInTheControversyField(MyLessonTests.java:127)\n\tat java.base/jdk.internal.reflect.DirectMethodHandleAccessor.invoke(DirectMethodHandleAccessor.java:104)\n\tat java.base/java.lang.reflect.Method.invoke(Method.java:578)\n\tat org.testng.internal.invokers.MethodInvocationHelper.invokeMethod(MethodInvocationHelper.java:139)\n\tat org.testng.internal.invokers.TestInvoker.invokeMethod(TestInvoker.java:664)\n\tat org.testng.internal.invokers.TestInvoker.invokeTestMethod(TestInvoker.java:228)\n\tat org.testng.internal.invokers.MethodRunner.runInSequence(MethodRunner.java:63)\n\tat org.testng.internal.invokers.TestInvoker$MethodInvocationAgent.invoke(TestInvoker.java:961)\n\tat org.testng.internal.invokers.TestInvoker.invokeTestMethods(TestInvoker.java:201)\n\tat org.testng.internal.invokers.TestMethodWorker.invokeTestMethods(TestMethodWorker.java:148)\n\tat org.testng.internal.invokers.TestMethodWorker.run(TestMethodWorker.java:128)\n\tat java.base/java.util.ArrayList.forEach(ArrayList.java:1511)\n\tat org.testng.TestRunner.privateRun(TestRunner.java:819)\n\tat org.testng.TestRunner.run(TestRunner.java:619)\n\tat org.testng.SuiteRunner.runTest(SuiteRunner.java:443)\n\tat org.testng.SuiteRunner.runSequentially(SuiteRunner.java:437)\n\tat org.testng.SuiteRunner.privateRun(SuiteRunner.java:397)\n\tat org.testng.SuiteRunner.run(SuiteRunner.java:336)\n\tat org.testng.SuiteRunnerWorker.runSuite(SuiteRunnerWorker.java:52)\n\tat org.testng.SuiteRunnerWorker.run(SuiteRunnerWorker.java:95)\n\tat org.testng.TestNG.runSuitesSequentially(TestNG.java:1301)\n\tat org.testng.TestNG.runSuitesLocally(TestNG.java:1228)\n\tat org.testng.TestNG.runSuites(TestNG.java:1134)\n\tat org.testng.TestNG.run(TestNG.java:1101)\n\tat com.intellij.rt.testng.IDEARemoteTestNG.run(IDEARemoteTestNG.java:65)\n\tat com.intellij.rt.testng.RemoteTestNGStarter.main(RemoteTestNGStarter.java:105)\n"},"stage":"finished","description":"This test validate send message in the controversy field","steps":[{"name":"Login to the application with valid credentials","status":"passed","stage":"finished","steps":[],"attachments":[],"parameters":[],"start":1733851502115,"stop":1733851611132},{"name":"Navigate to the Student Information Screen","status":"passed","stage":"finished","steps":[],"attachments":[],"parameters":[],"start":1733851611134,"stop":1733851630710},{"name":"Navigate to the My Lesson Page","status":"passed","stage":"finished","steps":[],"attachments":[],"parameters":[],"start":1733851630712,"stop":1733851635559},{"name":"Click the lesson link","status":"passed","stage":"finished","steps":[],"attachments":[],"parameters":[],"start":1733851635560,"stop":1733851640685},{"name":"Navigate to Controversy Field ","status":"passed","stage":"finished","steps":[],"attachments":[],"parameters":[],"start":1733851640688,"stop":1733851643765},{"name":"Send a message in the controversy field ","status":"passed","stage":"finished","steps":[],"attachments":[],"parameters":[],"start":1733851643767,"stop":1733851664022},{"name":"Verify the sent message in the controversy field ","status":"broken","statusDetails":{"known":false,"muted":false,"flaky":false,"message":"Index 0 out of bounds for length 0","trace":"java.lang.IndexOutOfBoundsException: Index 0 out of bounds for length 0\n\tat java.base/jdk.internal.util.Preconditions.outOfBounds(Preconditions.java:100)\n\tat java.base/jdk.internal.util.Preconditions.outOfBoundsCheckIndex(Preconditions.java:106)\n\tat java.base/jdk.internal.util.Preconditions.checkIndex(Preconditions.java:302)\n\tat java.base/java.util.Objects.checkIndex(Objects.java:385)\n\tat java.base/java.util.ArrayList.get(ArrayList.java:427)\n\tat tests.MyLessonTests.lambda$sendMessageInTheControversyField$13(MyLessonTests.java:128)\n\tat io.qameta.allure.Allure.lambda$step$0(Allure.java:113)\n\tat io.qameta.allure.Allure.lambda$step$1(Allure.java:127)\n\tat io.qameta.allure.Allure.step(Allure.java:181)\n\tat io.qameta.allure.Allure.step(Allure.java:125)\n\tat io.qameta.allure.Allure.step(Allure.java:112)\n\tat tests.MyLessonTests.sendMessageInTheControversyField(MyLessonTests.java:127)\n\tat java.base/jdk.internal.reflect.DirectMethodHandleAccessor.invoke(DirectMethodHandleAccessor.java:104)\n\tat java.base/java.lang.reflect.Method.invoke(Method.java:578)\n\tat org.testng.internal.invokers.MethodInvocationHelper.invokeMethod(MethodInvocationHelper.java:139)\n\tat org.testng.internal.invokers.TestInvoker.invokeMethod(TestInvoker.java:664)\n\tat org.testng.internal.invokers.TestInvoker.invokeTestMethod(TestInvoker.java:228)\n\tat org.testng.internal.invokers.MethodRunner.runInSequence(MethodRunner.java:63)\n\tat org.testng.internal.invokers.TestInvoker$MethodInvocationAgent.invoke(TestInvoker.java:961)\n\tat org.testng.internal.invokers.TestInvoker.invokeTestMethods(TestInvoker.java:201)\n\tat org.testng.internal.invokers.TestMethodWorker.invokeTestMethods(TestMethodWorker.java:148)\n\tat org.testng.internal.invokers.TestMethodWorker.run(TestMethodWorker.java:128)\n\tat java.base/java.util.ArrayList.forEach(ArrayList.java:1511)\n\tat org.testng.TestRunner.privateRun(TestRunner.java:819)\n\tat org.testng.TestRunner.run(TestRunner.java:619)\n\tat org.testng.SuiteRunner.runTest(SuiteRunner.java:443)\n\tat org.testng.SuiteRunner.runSequentially(SuiteRunner.java:437)\n\tat org.testng.SuiteRunner.privateRun(SuiteRunner.java:397)\n\tat org.testng.SuiteRunner.run(SuiteRunner.java:336)\n\tat org.testng.SuiteRunnerWorker.runSuite(SuiteRunnerWorker.java:52)\n\tat org.testng.SuiteRunnerWorker.run(SuiteRunnerWorker.java:95)\n\tat org.testng.TestNG.runSuitesSequentially(TestNG.java:1301)\n\tat org.testng.TestNG.runSuitesLocally(TestNG.java:1228)\n\tat org.testng.TestNG.runSuites(TestNG.java:1134)\n\tat org.testng.TestNG.run(TestNG.java:1101)\n\tat com.intellij.rt.testng.IDEARemoteTestNG.run(IDEARemoteTestNG.java:65)\n\tat com.intellij.rt.testng.RemoteTestNGStarter.main(RemoteTestNGStarter.java:105)\n"},"stage":"finished","steps":[],"attachments":[],"parameters":[],"start":1733851664023,"stop":1733851664038}],"attachments":[],"parameters":[],"start":1733851502095,"stop":1733851664046,"uuid":"5cd02537-f590-4164-a5a5-606a0cb31181","historyId":"140a37153b061d26033f97379cfe49d3","fullName":"tests.MyLessonTests.sendMessageInTheControversyField","labels":[{"name":"package","value":"tests.MyLessonTests"},{"name":"testClass","value":"tests.MyLessonTests"},{"name":"testMethod","value":"sendMessageInTheControversyField"},{"name":"parentSuite","value":"Default Suite"},{"name":"suite","value":"Ubys_Test_Automation"},{"name":"subSuite","value":"tests.MyLessonTests"},{"name":"host","value":"192.168.1.4"},{"name":"thread","value":"4578@192.168.1.4.main(1)"},{"name":"framework","value":"testng"},{"name":"language","value":"java"},{"name":"feature","value":"Controversy Field  Functionality"}],"links":[]}