{"name":"uploadValidPhoto","status":"broken","statusDetails":{"known":false,"muted":false,"flaky":false,"message":"Error {\n  message='Error: Node is not an HTMLInputElement\n  name='Error\n  stack='Error: Error: Node is not an HTMLInputElement\n    at CRExecutionContext.evaluateWithArguments (/private/var/folders/6s/tp5k3vcx2ggd8r4tx3zvjcyc0000gn/T/playwright-java-1817757740365031803/package/lib/server/chromium/crExecutionContext.js:92:33)\n    at async LongStandingScope._race (/private/var/folders/6s/tp5k3vcx2ggd8r4tx3zvjcyc0000gn/T/playwright-java-1817757740365031803/package/lib/utils/manualPromise.js:96:14)\n    at async evaluateExpression (/private/var/folders/6s/tp5k3vcx2ggd8r4tx3zvjcyc0000gn/T/playwright-java-1817757740365031803/package/lib/server/javascript.js:241:12)\n    at async ElementHandle.evaluateHandleInUtility (/private/var/folders/6s/tp5k3vcx2ggd8r4tx3zvjcyc0000gn/T/playwright-java-1817757740365031803/package/lib/server/dom.js:133:14)\n    at async ElementHandle._setInputFiles (/private/var/folders/6s/tp5k3vcx2ggd8r4tx3zvjcyc0000gn/T/playwright-java-1817757740365031803/package/lib/server/dom.js:539:20)\n    at async /private/var/folders/6s/tp5k3vcx2ggd8r4tx3zvjcyc0000gn/T/playwright-java-1817757740365031803/package/lib/server/frames.js:976:24\n    at async Frame.retryWithProgressAndTimeouts (/private/var/folders/6s/tp5k3vcx2ggd8r4tx3zvjcyc0000gn/T/playwright-java-1817757740365031803/package/lib/server/frames.js:912:24)\n    at async /private/var/folders/6s/tp5k3vcx2ggd8r4tx3zvjcyc0000gn/T/playwright-java-1817757740365031803/package/lib/server/frames.js:1160:29\n    at async ProgressController.run (/private/var/folders/6s/tp5k3vcx2ggd8r4tx3zvjcyc0000gn/T/playwright-java-1817757740365031803/package/lib/server/progress.js:91:22)\n    at async FrameDispatcher.setInputFiles (/private/var/folders/6s/tp5k3vcx2ggd8r4tx3zvjcyc0000gn/T/playwright-java-1817757740365031803/package/lib/server/dispatchers/frameDispatcher.js:240:12)\n}\nCall log:\n- waiting for locator(\"#studentTempImageFile\")\n-   locator resolved to <div id=\"studentTempImageFile\" class=\"dropzone dz-cli…>…</div>\n","trace":"com.microsoft.playwright.PlaywrightException: Error {\n  message='Error: Node is not an HTMLInputElement\n  name='Error\n  stack='Error: Error: Node is not an HTMLInputElement\n    at CRExecutionContext.evaluateWithArguments (/private/var/folders/6s/tp5k3vcx2ggd8r4tx3zvjcyc0000gn/T/playwright-java-1817757740365031803/package/lib/server/chromium/crExecutionContext.js:92:33)\n    at async LongStandingScope._race (/private/var/folders/6s/tp5k3vcx2ggd8r4tx3zvjcyc0000gn/T/playwright-java-1817757740365031803/package/lib/utils/manualPromise.js:96:14)\n    at async evaluateExpression (/private/var/folders/6s/tp5k3vcx2ggd8r4tx3zvjcyc0000gn/T/playwright-java-1817757740365031803/package/lib/server/javascript.js:241:12)\n    at async ElementHandle.evaluateHandleInUtility (/private/var/folders/6s/tp5k3vcx2ggd8r4tx3zvjcyc0000gn/T/playwright-java-1817757740365031803/package/lib/server/dom.js:133:14)\n    at async ElementHandle._setInputFiles (/private/var/folders/6s/tp5k3vcx2ggd8r4tx3zvjcyc0000gn/T/playwright-java-1817757740365031803/package/lib/server/dom.js:539:20)\n    at async /private/var/folders/6s/tp5k3vcx2ggd8r4tx3zvjcyc0000gn/T/playwright-java-1817757740365031803/package/lib/server/frames.js:976:24\n    at async Frame.retryWithProgressAndTimeouts (/private/var/folders/6s/tp5k3vcx2ggd8r4tx3zvjcyc0000gn/T/playwright-java-1817757740365031803/package/lib/server/frames.js:912:24)\n    at async /private/var/folders/6s/tp5k3vcx2ggd8r4tx3zvjcyc0000gn/T/playwright-java-1817757740365031803/package/lib/server/frames.js:1160:29\n    at async ProgressController.run (/private/var/folders/6s/tp5k3vcx2ggd8r4tx3zvjcyc0000gn/T/playwright-java-1817757740365031803/package/lib/server/progress.js:91:22)\n    at async FrameDispatcher.setInputFiles (/private/var/folders/6s/tp5k3vcx2ggd8r4tx3zvjcyc0000gn/T/playwright-java-1817757740365031803/package/lib/server/dispatchers/frameDispatcher.js:240:12)\n}\nCall log:\n- waiting for locator(\"#studentTempImageFile\")\n-   locator resolved to <div id=\"studentTempImageFile\" class=\"dropzone dz-cli…>…</div>\n\n\tat com.microsoft.playwright.impl.WaitableResult.get(WaitableResult.java:54)\n\tat com.microsoft.playwright.impl.ChannelOwner.runUntil(ChannelOwner.java:120)\n\tat com.microsoft.playwright.impl.Connection.sendMessage(Connection.java:129)\n\tat com.microsoft.playwright.impl.ChannelOwner.sendMessage(ChannelOwner.java:106)\n\tat com.microsoft.playwright.impl.FrameImpl.setInputFilesImpl(FrameImpl.java:770)\n\tat com.microsoft.playwright.impl.FrameImpl.lambda$setInputFiles$35(FrameImpl.java:760)\n\tat com.microsoft.playwright.impl.LoggingSupport.lambda$withLogging$0(LoggingSupport.java:36)\n\tat com.microsoft.playwright.impl.LoggingSupport.withLogging(LoggingSupport.java:47)\n\tat com.microsoft.playwright.impl.ChannelOwner.withLogging(ChannelOwner.java:89)\n\tat com.microsoft.playwright.impl.LoggingSupport.withLogging(LoggingSupport.java:35)\n\tat com.microsoft.playwright.impl.FrameImpl.setInputFiles(FrameImpl.java:760)\n\tat com.microsoft.playwright.impl.FrameImpl.setInputFiles(FrameImpl.java:746)\n\tat com.microsoft.playwright.impl.LocatorImpl.setInputFiles(LocatorImpl.java:526)\n\tat com.microsoft.playwright.Locator.setInputFiles(Locator.java:4753)\n\tat tests.StudentInformationScreenTests.lambda$uploadValidPhoto$43(StudentInformationScreenTests.java:277)\n\tat io.qameta.allure.Allure.lambda$step$0(Allure.java:113)\n\tat io.qameta.allure.Allure.lambda$step$1(Allure.java:127)\n\tat io.qameta.allure.Allure.step(Allure.java:181)\n\tat io.qameta.allure.Allure.step(Allure.java:125)\n\tat io.qameta.allure.Allure.step(Allure.java:112)\n\tat tests.StudentInformationScreenTests.uploadValidPhoto(StudentInformationScreenTests.java:274)\n\tat java.base/jdk.internal.reflect.DirectMethodHandleAccessor.invoke(DirectMethodHandleAccessor.java:104)\n\tat java.base/java.lang.reflect.Method.invoke(Method.java:578)\n\tat org.testng.internal.invokers.MethodInvocationHelper.invokeMethod(MethodInvocationHelper.java:139)\n\tat org.testng.internal.invokers.TestInvoker.invokeMethod(TestInvoker.java:664)\n\tat org.testng.internal.invokers.TestInvoker.invokeTestMethod(TestInvoker.java:228)\n\tat org.testng.internal.invokers.MethodRunner.runInSequence(MethodRunner.java:63)\n\tat org.testng.internal.invokers.TestInvoker$MethodInvocationAgent.invoke(TestInvoker.java:961)\n\tat org.testng.internal.invokers.TestInvoker.invokeTestMethods(TestInvoker.java:201)\n\tat org.testng.internal.invokers.TestMethodWorker.invokeTestMethods(TestMethodWorker.java:148)\n\tat org.testng.internal.invokers.TestMethodWorker.run(TestMethodWorker.java:128)\n\tat java.base/java.util.ArrayList.forEach(ArrayList.java:1511)\n\tat org.testng.TestRunner.privateRun(TestRunner.java:819)\n\tat org.testng.TestRunner.run(TestRunner.java:619)\n\tat org.testng.SuiteRunner.runTest(SuiteRunner.java:443)\n\tat org.testng.SuiteRunner.runSequentially(SuiteRunner.java:437)\n\tat org.testng.SuiteRunner.privateRun(SuiteRunner.java:397)\n\tat org.testng.SuiteRunner.run(SuiteRunner.java:336)\n\tat org.testng.SuiteRunnerWorker.runSuite(SuiteRunnerWorker.java:52)\n\tat org.testng.SuiteRunnerWorker.run(SuiteRunnerWorker.java:95)\n\tat org.testng.TestNG.runSuitesSequentially(TestNG.java:1301)\n\tat org.testng.TestNG.runSuitesLocally(TestNG.java:1228)\n\tat org.testng.TestNG.runSuites(TestNG.java:1134)\n\tat org.testng.TestNG.run(TestNG.java:1101)\n\tat com.intellij.rt.testng.IDEARemoteTestNG.run(IDEARemoteTestNG.java:65)\n\tat com.intellij.rt.testng.RemoteTestNGStarter.main(RemoteTestNGStarter.java:105)\nCaused by: com.microsoft.playwright.impl.DriverException: Error {\n  message='Error: Node is not an HTMLInputElement\n  name='Error\n  stack='Error: Error: Node is not an HTMLInputElement\n    at CRExecutionContext.evaluateWithArguments (/private/var/folders/6s/tp5k3vcx2ggd8r4tx3zvjcyc0000gn/T/playwright-java-1817757740365031803/package/lib/server/chromium/crExecutionContext.js:92:33)\n    at async LongStandingScope._race (/private/var/folders/6s/tp5k3vcx2ggd8r4tx3zvjcyc0000gn/T/playwright-java-1817757740365031803/package/lib/utils/manualPromise.js:96:14)\n    at async evaluateExpression (/private/var/folders/6s/tp5k3vcx2ggd8r4tx3zvjcyc0000gn/T/playwright-java-1817757740365031803/package/lib/server/javascript.js:241:12)\n    at async ElementHandle.evaluateHandleInUtility (/private/var/folders/6s/tp5k3vcx2ggd8r4tx3zvjcyc0000gn/T/playwright-java-1817757740365031803/package/lib/server/dom.js:133:14)\n    at async ElementHandle._setInputFiles (/private/var/folders/6s/tp5k3vcx2ggd8r4tx3zvjcyc0000gn/T/playwright-java-1817757740365031803/package/lib/server/dom.js:539:20)\n    at async /private/var/folders/6s/tp5k3vcx2ggd8r4tx3zvjcyc0000gn/T/playwright-java-1817757740365031803/package/lib/server/frames.js:976:24\n    at async Frame.retryWithProgressAndTimeouts (/private/var/folders/6s/tp5k3vcx2ggd8r4tx3zvjcyc0000gn/T/playwright-java-1817757740365031803/package/lib/server/frames.js:912:24)\n    at async /private/var/folders/6s/tp5k3vcx2ggd8r4tx3zvjcyc0000gn/T/playwright-java-1817757740365031803/package/lib/server/frames.js:1160:29\n    at async ProgressController.run (/private/var/folders/6s/tp5k3vcx2ggd8r4tx3zvjcyc0000gn/T/playwright-java-1817757740365031803/package/lib/server/progress.js:91:22)\n    at async FrameDispatcher.setInputFiles (/private/var/folders/6s/tp5k3vcx2ggd8r4tx3zvjcyc0000gn/T/playwright-java-1817757740365031803/package/lib/server/dispatchers/frameDispatcher.js:240:12)\n}\nCall log:\n- waiting for locator(\"#studentTempImageFile\")\n-   locator resolved to <div id=\"studentTempImageFile\" class=\"dropzone dz-cli…>…</div>\n\n\tat com.microsoft.playwright.impl.Connection.dispatch(Connection.java:257)\n\tat com.microsoft.playwright.impl.Connection.processOneMessage(Connection.java:209)\n\tat com.microsoft.playwright.impl.ChannelOwner.runUntil(ChannelOwner.java:118)\n\t... 44 more\n"},"stage":"finished","description":"Testing Add Valid Photo -> Profile Photo Management","steps":[{"name":"Login to the application with valid credentials","status":"passed","stage":"finished","steps":[],"attachments":[],"parameters":[],"start":1730642473647,"stop":1730642547032},{"name":"Navigate to the Student Information Screen","status":"passed","stage":"finished","steps":[],"attachments":[],"parameters":[],"start":1730642547033,"stop":1730642566516},{"name":"Expand the 'Other' dropdown menu","status":"passed","stage":"finished","steps":[],"attachments":[],"parameters":[],"start":1730642566517,"stop":1730642569610},{"name":"Profile Picture Management Button","status":"passed","stage":"finished","steps":[],"attachments":[],"parameters":[],"start":1730642569611,"stop":1730642574704},{"name":"Upload Photo","status":"broken","statusDetails":{"known":false,"muted":false,"flaky":false,"message":"Error {\n  message='Error: Node is not an HTMLInputElement\n  name='Error\n  stack='Error: Error: Node is not an HTMLInputElement\n    at CRExecutionContext.evaluateWithArguments (/private/var/folders/6s/tp5k3vcx2ggd8r4tx3zvjcyc0000gn/T/playwright-java-1817757740365031803/package/lib/server/chromium/crExecutionContext.js:92:33)\n    at async LongStandingScope._race (/private/var/folders/6s/tp5k3vcx2ggd8r4tx3zvjcyc0000gn/T/playwright-java-1817757740365031803/package/lib/utils/manualPromise.js:96:14)\n    at async evaluateExpression (/private/var/folders/6s/tp5k3vcx2ggd8r4tx3zvjcyc0000gn/T/playwright-java-1817757740365031803/package/lib/server/javascript.js:241:12)\n    at async ElementHandle.evaluateHandleInUtility (/private/var/folders/6s/tp5k3vcx2ggd8r4tx3zvjcyc0000gn/T/playwright-java-1817757740365031803/package/lib/server/dom.js:133:14)\n    at async ElementHandle._setInputFiles (/private/var/folders/6s/tp5k3vcx2ggd8r4tx3zvjcyc0000gn/T/playwright-java-1817757740365031803/package/lib/server/dom.js:539:20)\n    at async /private/var/folders/6s/tp5k3vcx2ggd8r4tx3zvjcyc0000gn/T/playwright-java-1817757740365031803/package/lib/server/frames.js:976:24\n    at async Frame.retryWithProgressAndTimeouts (/private/var/folders/6s/tp5k3vcx2ggd8r4tx3zvjcyc0000gn/T/playwright-java-1817757740365031803/package/lib/server/frames.js:912:24)\n    at async /private/var/folders/6s/tp5k3vcx2ggd8r4tx3zvjcyc0000gn/T/playwright-java-1817757740365031803/package/lib/server/frames.js:1160:29\n    at async ProgressController.run (/private/var/folders/6s/tp5k3vcx2ggd8r4tx3zvjcyc0000gn/T/playwright-java-1817757740365031803/package/lib/server/progress.js:91:22)\n    at async FrameDispatcher.setInputFiles (/private/var/folders/6s/tp5k3vcx2ggd8r4tx3zvjcyc0000gn/T/playwright-java-1817757740365031803/package/lib/server/dispatchers/frameDispatcher.js:240:12)\n}\nCall log:\n- waiting for locator(\"#studentTempImageFile\")\n-   locator resolved to <div id=\"studentTempImageFile\" class=\"dropzone dz-cli…>…</div>\n","trace":"com.microsoft.playwright.PlaywrightException: Error {\n  message='Error: Node is not an HTMLInputElement\n  name='Error\n  stack='Error: Error: Node is not an HTMLInputElement\n    at CRExecutionContext.evaluateWithArguments (/private/var/folders/6s/tp5k3vcx2ggd8r4tx3zvjcyc0000gn/T/playwright-java-1817757740365031803/package/lib/server/chromium/crExecutionContext.js:92:33)\n    at async LongStandingScope._race (/private/var/folders/6s/tp5k3vcx2ggd8r4tx3zvjcyc0000gn/T/playwright-java-1817757740365031803/package/lib/utils/manualPromise.js:96:14)\n    at async evaluateExpression (/private/var/folders/6s/tp5k3vcx2ggd8r4tx3zvjcyc0000gn/T/playwright-java-1817757740365031803/package/lib/server/javascript.js:241:12)\n    at async ElementHandle.evaluateHandleInUtility (/private/var/folders/6s/tp5k3vcx2ggd8r4tx3zvjcyc0000gn/T/playwright-java-1817757740365031803/package/lib/server/dom.js:133:14)\n    at async ElementHandle._setInputFiles (/private/var/folders/6s/tp5k3vcx2ggd8r4tx3zvjcyc0000gn/T/playwright-java-1817757740365031803/package/lib/server/dom.js:539:20)\n    at async /private/var/folders/6s/tp5k3vcx2ggd8r4tx3zvjcyc0000gn/T/playwright-java-1817757740365031803/package/lib/server/frames.js:976:24\n    at async Frame.retryWithProgressAndTimeouts (/private/var/folders/6s/tp5k3vcx2ggd8r4tx3zvjcyc0000gn/T/playwright-java-1817757740365031803/package/lib/server/frames.js:912:24)\n    at async /private/var/folders/6s/tp5k3vcx2ggd8r4tx3zvjcyc0000gn/T/playwright-java-1817757740365031803/package/lib/server/frames.js:1160:29\n    at async ProgressController.run (/private/var/folders/6s/tp5k3vcx2ggd8r4tx3zvjcyc0000gn/T/playwright-java-1817757740365031803/package/lib/server/progress.js:91:22)\n    at async FrameDispatcher.setInputFiles (/private/var/folders/6s/tp5k3vcx2ggd8r4tx3zvjcyc0000gn/T/playwright-java-1817757740365031803/package/lib/server/dispatchers/frameDispatcher.js:240:12)\n}\nCall log:\n- waiting for locator(\"#studentTempImageFile\")\n-   locator resolved to <div id=\"studentTempImageFile\" class=\"dropzone dz-cli…>…</div>\n\n\tat com.microsoft.playwright.impl.WaitableResult.get(WaitableResult.java:54)\n\tat com.microsoft.playwright.impl.ChannelOwner.runUntil(ChannelOwner.java:120)\n\tat com.microsoft.playwright.impl.Connection.sendMessage(Connection.java:129)\n\tat com.microsoft.playwright.impl.ChannelOwner.sendMessage(ChannelOwner.java:106)\n\tat com.microsoft.playwright.impl.FrameImpl.setInputFilesImpl(FrameImpl.java:770)\n\tat com.microsoft.playwright.impl.FrameImpl.lambda$setInputFiles$35(FrameImpl.java:760)\n\tat com.microsoft.playwright.impl.LoggingSupport.lambda$withLogging$0(LoggingSupport.java:36)\n\tat com.microsoft.playwright.impl.LoggingSupport.withLogging(LoggingSupport.java:47)\n\tat com.microsoft.playwright.impl.ChannelOwner.withLogging(ChannelOwner.java:89)\n\tat com.microsoft.playwright.impl.LoggingSupport.withLogging(LoggingSupport.java:35)\n\tat com.microsoft.playwright.impl.FrameImpl.setInputFiles(FrameImpl.java:760)\n\tat com.microsoft.playwright.impl.FrameImpl.setInputFiles(FrameImpl.java:746)\n\tat com.microsoft.playwright.impl.LocatorImpl.setInputFiles(LocatorImpl.java:526)\n\tat com.microsoft.playwright.Locator.setInputFiles(Locator.java:4753)\n\tat tests.StudentInformationScreenTests.lambda$uploadValidPhoto$43(StudentInformationScreenTests.java:277)\n\tat io.qameta.allure.Allure.lambda$step$0(Allure.java:113)\n\tat io.qameta.allure.Allure.lambda$step$1(Allure.java:127)\n\tat io.qameta.allure.Allure.step(Allure.java:181)\n\tat io.qameta.allure.Allure.step(Allure.java:125)\n\tat io.qameta.allure.Allure.step(Allure.java:112)\n\tat tests.StudentInformationScreenTests.uploadValidPhoto(StudentInformationScreenTests.java:274)\n\tat java.base/jdk.internal.reflect.DirectMethodHandleAccessor.invoke(DirectMethodHandleAccessor.java:104)\n\tat java.base/java.lang.reflect.Method.invoke(Method.java:578)\n\tat org.testng.internal.invokers.MethodInvocationHelper.invokeMethod(MethodInvocationHelper.java:139)\n\tat org.testng.internal.invokers.TestInvoker.invokeMethod(TestInvoker.java:664)\n\tat org.testng.internal.invokers.TestInvoker.invokeTestMethod(TestInvoker.java:228)\n\tat org.testng.internal.invokers.MethodRunner.runInSequence(MethodRunner.java:63)\n\tat org.testng.internal.invokers.TestInvoker$MethodInvocationAgent.invoke(TestInvoker.java:961)\n\tat org.testng.internal.invokers.TestInvoker.invokeTestMethods(TestInvoker.java:201)\n\tat org.testng.internal.invokers.TestMethodWorker.invokeTestMethods(TestMethodWorker.java:148)\n\tat org.testng.internal.invokers.TestMethodWorker.run(TestMethodWorker.java:128)\n\tat java.base/java.util.ArrayList.forEach(ArrayList.java:1511)\n\tat org.testng.TestRunner.privateRun(TestRunner.java:819)\n\tat org.testng.TestRunner.run(TestRunner.java:619)\n\tat org.testng.SuiteRunner.runTest(SuiteRunner.java:443)\n\tat org.testng.SuiteRunner.runSequentially(SuiteRunner.java:437)\n\tat org.testng.SuiteRunner.privateRun(SuiteRunner.java:397)\n\tat org.testng.SuiteRunner.run(SuiteRunner.java:336)\n\tat org.testng.SuiteRunnerWorker.runSuite(SuiteRunnerWorker.java:52)\n\tat org.testng.SuiteRunnerWorker.run(SuiteRunnerWorker.java:95)\n\tat org.testng.TestNG.runSuitesSequentially(TestNG.java:1301)\n\tat org.testng.TestNG.runSuitesLocally(TestNG.java:1228)\n\tat org.testng.TestNG.runSuites(TestNG.java:1134)\n\tat org.testng.TestNG.run(TestNG.java:1101)\n\tat com.intellij.rt.testng.IDEARemoteTestNG.run(IDEARemoteTestNG.java:65)\n\tat com.intellij.rt.testng.RemoteTestNGStarter.main(RemoteTestNGStarter.java:105)\nCaused by: com.microsoft.playwright.impl.DriverException: Error {\n  message='Error: Node is not an HTMLInputElement\n  name='Error\n  stack='Error: Error: Node is not an HTMLInputElement\n    at CRExecutionContext.evaluateWithArguments (/private/var/folders/6s/tp5k3vcx2ggd8r4tx3zvjcyc0000gn/T/playwright-java-1817757740365031803/package/lib/server/chromium/crExecutionContext.js:92:33)\n    at async LongStandingScope._race (/private/var/folders/6s/tp5k3vcx2ggd8r4tx3zvjcyc0000gn/T/playwright-java-1817757740365031803/package/lib/utils/manualPromise.js:96:14)\n    at async evaluateExpression (/private/var/folders/6s/tp5k3vcx2ggd8r4tx3zvjcyc0000gn/T/playwright-java-1817757740365031803/package/lib/server/javascript.js:241:12)\n    at async ElementHandle.evaluateHandleInUtility (/private/var/folders/6s/tp5k3vcx2ggd8r4tx3zvjcyc0000gn/T/playwright-java-1817757740365031803/package/lib/server/dom.js:133:14)\n    at async ElementHandle._setInputFiles (/private/var/folders/6s/tp5k3vcx2ggd8r4tx3zvjcyc0000gn/T/playwright-java-1817757740365031803/package/lib/server/dom.js:539:20)\n    at async /private/var/folders/6s/tp5k3vcx2ggd8r4tx3zvjcyc0000gn/T/playwright-java-1817757740365031803/package/lib/server/frames.js:976:24\n    at async Frame.retryWithProgressAndTimeouts (/private/var/folders/6s/tp5k3vcx2ggd8r4tx3zvjcyc0000gn/T/playwright-java-1817757740365031803/package/lib/server/frames.js:912:24)\n    at async /private/var/folders/6s/tp5k3vcx2ggd8r4tx3zvjcyc0000gn/T/playwright-java-1817757740365031803/package/lib/server/frames.js:1160:29\n    at async ProgressController.run (/private/var/folders/6s/tp5k3vcx2ggd8r4tx3zvjcyc0000gn/T/playwright-java-1817757740365031803/package/lib/server/progress.js:91:22)\n    at async FrameDispatcher.setInputFiles (/private/var/folders/6s/tp5k3vcx2ggd8r4tx3zvjcyc0000gn/T/playwright-java-1817757740365031803/package/lib/server/dispatchers/frameDispatcher.js:240:12)\n}\nCall log:\n- waiting for locator(\"#studentTempImageFile\")\n-   locator resolved to <div id=\"studentTempImageFile\" class=\"dropzone dz-cli…>…</div>\n\n\tat com.microsoft.playwright.impl.Connection.dispatch(Connection.java:257)\n\tat com.microsoft.playwright.impl.Connection.processOneMessage(Connection.java:209)\n\tat com.microsoft.playwright.impl.ChannelOwner.runUntil(ChannelOwner.java:118)\n\t... 44 more\n"},"stage":"finished","steps":[],"attachments":[],"parameters":[],"start":1730642574706,"stop":1730642579809}],"attachments":[],"parameters":[],"start":1730642473636,"stop":1730642579814,"uuid":"88d07b51-d26f-4ffc-9eff-f0ba01d7f42e","historyId":"1ae76a9267c73b5d1eed1efd764c9e4","fullName":"tests.StudentInformationScreenTests.uploadValidPhoto","labels":[{"name":"package","value":"tests.StudentInformationScreenTests"},{"name":"testClass","value":"tests.StudentInformationScreenTests"},{"name":"testMethod","value":"uploadValidPhoto"},{"name":"parentSuite","value":"Default Suite"},{"name":"suite","value":"Ubys_Test_Automation"},{"name":"subSuite","value":"tests.StudentInformationScreenTests"},{"name":"host","value":"Eray-MacBook-Air.local"},{"name":"thread","value":"2028@Eray-MacBook-Air.local.main(1)"},{"name":"framework","value":"testng"},{"name":"language","value":"java"},{"name":"feature","value":"Student Information Screen Other Dropdown "}],"links":[]}