{"name":"verifyAverageDecreasesAfterRandomGradeDecrease","status":"failed","statusDetails":{"known":false,"muted":false,"flaky":false,"message":"Başarısız: Ortalama değeri beklenildiği gibi düşmedi. expected [true] but found [false]","trace":"java.lang.AssertionError: Başarısız: Ortalama değeri beklenildiği gibi düşmedi. expected [true] but found [false]\n\tat org.testng.Assert.fail(Assert.java:111)\n\tat org.testng.Assert.failNotEquals(Assert.java:1578)\n\tat org.testng.Assert.assertTrue(Assert.java:57)\n\tat tests.TranscriptTests.lambda$verifyAverageDecreasesAfterRandomGradeDecrease$13(TranscriptTests.java:122)\n\tat io.qameta.allure.Allure.lambda$step$0(Allure.java:113)\n\tat io.qameta.allure.Allure.lambda$step$1(Allure.java:127)\n\tat io.qameta.allure.Allure.step(Allure.java:181)\n\tat io.qameta.allure.Allure.step(Allure.java:125)\n\tat io.qameta.allure.Allure.step(Allure.java:112)\n\tat tests.TranscriptTests.verifyAverageDecreasesAfterRandomGradeDecrease(TranscriptTests.java:120)\n\tat java.base/jdk.internal.reflect.DirectMethodHandleAccessor.invoke(DirectMethodHandleAccessor.java:104)\n\tat java.base/java.lang.reflect.Method.invoke(Method.java:578)\n\tat org.testng.internal.invokers.MethodInvocationHelper.invokeMethod(MethodInvocationHelper.java:139)\n\tat org.testng.internal.invokers.TestInvoker.invokeMethod(TestInvoker.java:664)\n\tat org.testng.internal.invokers.TestInvoker.invokeTestMethod(TestInvoker.java:228)\n\tat org.testng.internal.invokers.MethodRunner.runInSequence(MethodRunner.java:63)\n\tat org.testng.internal.invokers.TestInvoker$MethodInvocationAgent.invoke(TestInvoker.java:961)\n\tat org.testng.internal.invokers.TestInvoker.invokeTestMethods(TestInvoker.java:201)\n\tat org.testng.internal.invokers.TestMethodWorker.invokeTestMethods(TestMethodWorker.java:148)\n\tat org.testng.internal.invokers.TestMethodWorker.run(TestMethodWorker.java:128)\n\tat java.base/java.util.ArrayList.forEach(ArrayList.java:1511)\n\tat org.testng.TestRunner.privateRun(TestRunner.java:819)\n\tat org.testng.TestRunner.run(TestRunner.java:619)\n\tat org.testng.SuiteRunner.runTest(SuiteRunner.java:443)\n\tat org.testng.SuiteRunner.runSequentially(SuiteRunner.java:437)\n\tat org.testng.SuiteRunner.privateRun(SuiteRunner.java:397)\n\tat org.testng.SuiteRunner.run(SuiteRunner.java:336)\n\tat org.testng.SuiteRunnerWorker.runSuite(SuiteRunnerWorker.java:52)\n\tat org.testng.SuiteRunnerWorker.run(SuiteRunnerWorker.java:95)\n\tat org.testng.TestNG.runSuitesSequentially(TestNG.java:1301)\n\tat org.testng.TestNG.runSuitesLocally(TestNG.java:1228)\n\tat org.testng.TestNG.runSuites(TestNG.java:1134)\n\tat org.testng.TestNG.run(TestNG.java:1101)\n\tat com.intellij.rt.testng.IDEARemoteTestNG.run(IDEARemoteTestNG.java:65)\n\tat com.intellij.rt.testng.RemoteTestNGStarter.main(RemoteTestNGStarter.java:105)\n"},"stage":"finished","description":"Verify if the total average decreases after randomly selecting and changing a grade to a lower value","steps":[{"name":"Login to the application with valid credentials","status":"passed","stage":"finished","steps":[],"attachments":[],"parameters":[],"start":1730225655827,"stop":1730225712691},{"name":"Navigate to the Student Information Screen","status":"passed","stage":"finished","steps":[],"attachments":[],"parameters":[],"start":1730225712693,"stop":1730225732169},{"name":"Navigate to the Transcript Page","status":"passed","stage":"finished","steps":[],"attachments":[],"parameters":[],"start":1730225732186,"stop":1730225739319},{"name":"Open Transcript Calculation Page","status":"passed","stage":"finished","steps":[],"attachments":[],"parameters":[],"start":1730225739320,"stop":1730225742202},{"name":"Verify if the total average decreases after randomly selecting a grade to decrease","status":"failed","statusDetails":{"known":false,"muted":false,"flaky":false,"message":"Başarısız: Ortalama değeri beklenildiği gibi düşmedi. expected [true] but found [false]","trace":"java.lang.AssertionError: Başarısız: Ortalama değeri beklenildiği gibi düşmedi. expected [true] but found [false]\n\tat org.testng.Assert.fail(Assert.java:111)\n\tat org.testng.Assert.failNotEquals(Assert.java:1578)\n\tat org.testng.Assert.assertTrue(Assert.java:57)\n\tat tests.TranscriptTests.lambda$verifyAverageDecreasesAfterRandomGradeDecrease$13(TranscriptTests.java:122)\n\tat io.qameta.allure.Allure.lambda$step$0(Allure.java:113)\n\tat io.qameta.allure.Allure.lambda$step$1(Allure.java:127)\n\tat io.qameta.allure.Allure.step(Allure.java:181)\n\tat io.qameta.allure.Allure.step(Allure.java:125)\n\tat io.qameta.allure.Allure.step(Allure.java:112)\n\tat tests.TranscriptTests.verifyAverageDecreasesAfterRandomGradeDecrease(TranscriptTests.java:120)\n\tat java.base/jdk.internal.reflect.DirectMethodHandleAccessor.invoke(DirectMethodHandleAccessor.java:104)\n\tat java.base/java.lang.reflect.Method.invoke(Method.java:578)\n\tat org.testng.internal.invokers.MethodInvocationHelper.invokeMethod(MethodInvocationHelper.java:139)\n\tat org.testng.internal.invokers.TestInvoker.invokeMethod(TestInvoker.java:664)\n\tat org.testng.internal.invokers.TestInvoker.invokeTestMethod(TestInvoker.java:228)\n\tat org.testng.internal.invokers.MethodRunner.runInSequence(MethodRunner.java:63)\n\tat org.testng.internal.invokers.TestInvoker$MethodInvocationAgent.invoke(TestInvoker.java:961)\n\tat org.testng.internal.invokers.TestInvoker.invokeTestMethods(TestInvoker.java:201)\n\tat org.testng.internal.invokers.TestMethodWorker.invokeTestMethods(TestMethodWorker.java:148)\n\tat org.testng.internal.invokers.TestMethodWorker.run(TestMethodWorker.java:128)\n\tat java.base/java.util.ArrayList.forEach(ArrayList.java:1511)\n\tat org.testng.TestRunner.privateRun(TestRunner.java:819)\n\tat org.testng.TestRunner.run(TestRunner.java:619)\n\tat org.testng.SuiteRunner.runTest(SuiteRunner.java:443)\n\tat org.testng.SuiteRunner.runSequentially(SuiteRunner.java:437)\n\tat org.testng.SuiteRunner.privateRun(SuiteRunner.java:397)\n\tat org.testng.SuiteRunner.run(SuiteRunner.java:336)\n\tat org.testng.SuiteRunnerWorker.runSuite(SuiteRunnerWorker.java:52)\n\tat org.testng.SuiteRunnerWorker.run(SuiteRunnerWorker.java:95)\n\tat org.testng.TestNG.runSuitesSequentially(TestNG.java:1301)\n\tat org.testng.TestNG.runSuitesLocally(TestNG.java:1228)\n\tat org.testng.TestNG.runSuites(TestNG.java:1134)\n\tat org.testng.TestNG.run(TestNG.java:1101)\n\tat com.intellij.rt.testng.IDEARemoteTestNG.run(IDEARemoteTestNG.java:65)\n\tat com.intellij.rt.testng.RemoteTestNGStarter.main(RemoteTestNGStarter.java:105)\n"},"stage":"finished","steps":[],"attachments":[],"parameters":[],"start":1730225742202,"stop":1730225745342}],"attachments":[],"parameters":[],"start":1730225655819,"stop":1730225745347,"uuid":"8d2c1da0-44cb-4e30-b065-dd9fbc4a2a29","historyId":"a61c6954f3d1d3aca672f9b460d3c41a","fullName":"tests.TranscriptTests.verifyAverageDecreasesAfterRandomGradeDecrease","labels":[{"name":"package","value":"tests.TranscriptTests"},{"name":"testClass","value":"tests.TranscriptTests"},{"name":"testMethod","value":"verifyAverageDecreasesAfterRandomGradeDecrease"},{"name":"parentSuite","value":"Default Suite"},{"name":"suite","value":"Ubys_Test_Automation"},{"name":"subSuite","value":"tests.TranscriptTests"},{"name":"host","value":"192.168.1.4"},{"name":"thread","value":"2042@192.168.1.4.main(1)"},{"name":"framework","value":"testng"},{"name":"language","value":"java"},{"name":"feature","value":"Transcript Page Select Tests"}],"links":[]}