{"name":"elementVisibilityTestInOtherDropdown_historyInformation","status":"broken","statusDetails":{"known":false,"muted":false,"flaky":false,"message":"Error {\n  message='SyntaxError: Failed to execute 'evaluate' on 'Document': The string '//td[matches(text(), '\\d{2}\\.\\d{2}\\.\\d{4} \\d{2}:\\d{2}')]' is not a valid XPath expression.\n    at Object.queryAll (<anonymous>:41:25)\n    at InjectedScript._queryEngineAll (<anonymous>:4859:49)\n    at InjectedScript.querySelectorAll (<anonymous>:4846:30)\n    at eval (eval at evaluate (:226:30), <anonymous>:4:23)\n    at UtilityScript.evaluate (<anonymous>:228:17)\n    at UtilityScript.<anonymous> (<anonymous>:1:44)\n  name='Error\n  stack='Error: SyntaxError: Failed to execute 'evaluate' on 'Document': The string '//td[matches(text(), '\\d{2}\\.\\d{2}\\.\\d{4} \\d{2}:\\d{2}')]' is not a valid XPath expression.\n    at Object.queryAll (<anonymous>:41:25)\n    at InjectedScript._queryEngineAll (<anonymous>:4859:49)\n    at InjectedScript.querySelectorAll (<anonymous>:4846:30)\n    at eval (eval at evaluate (:226:30), <anonymous>:4:23)\n    at UtilityScript.evaluate (<anonymous>:228:17)\n    at UtilityScript.<anonymous> (<anonymous>:1:44)\n    at CRExecutionContext.evaluateWithArguments (/private/var/folders/6s/tp5k3vcx2ggd8r4tx3zvjcyc0000gn/T/playwright-java-11832109235495005780/package/lib/server/chromium/crExecutionContext.js:92:33)\n    at async LongStandingScope._race (/private/var/folders/6s/tp5k3vcx2ggd8r4tx3zvjcyc0000gn/T/playwright-java-11832109235495005780/package/lib/utils/manualPromise.js:96:14)\n    at async evaluateExpression (/private/var/folders/6s/tp5k3vcx2ggd8r4tx3zvjcyc0000gn/T/playwright-java-11832109235495005780/package/lib/server/javascript.js:241:12)\n    at async FrameSelectors.queryCount (/private/var/folders/6s/tp5k3vcx2ggd8r4tx3zvjcyc0000gn/T/playwright-java-11832109235495005780/package/lib/server/frameSelectors.js:74:12)\n    at async Frame.queryCount (/private/var/folders/6s/tp5k3vcx2ggd8r4tx3zvjcyc0000gn/T/playwright-java-11832109235495005780/package/lib/server/frames.js:736:12)\n    at async FrameDispatcher.queryCount (/private/var/folders/6s/tp5k3vcx2ggd8r4tx3zvjcyc0000gn/T/playwright-java-11832109235495005780/package/lib/server/dispatchers/frameDispatcher.js:129:14)\n    at async LongStandingScope._race (/private/var/folders/6s/tp5k3vcx2ggd8r4tx3zvjcyc0000gn/T/playwright-java-11832109235495005780/package/lib/utils/manualPromise.js:96:14)\n    at async FrameDispatcher._handleCommand (/private/var/folders/6s/tp5k3vcx2ggd8r4tx3zvjcyc0000gn/T/playwright-java-11832109235495005780/package/lib/server/dispatchers/dispatcher.js:86:14)\n    at async DispatcherConnection.dispatch (/private/var/folders/6s/tp5k3vcx2ggd8r4tx3zvjcyc0000gn/T/playwright-java-11832109235495005780/package/lib/server/dispatchers/dispatcher.js:351:22)\n}","trace":"com.microsoft.playwright.PlaywrightException: Error {\n  message='SyntaxError: Failed to execute 'evaluate' on 'Document': The string '//td[matches(text(), '\\d{2}\\.\\d{2}\\.\\d{4} \\d{2}:\\d{2}')]' is not a valid XPath expression.\n    at Object.queryAll (<anonymous>:41:25)\n    at InjectedScript._queryEngineAll (<anonymous>:4859:49)\n    at InjectedScript.querySelectorAll (<anonymous>:4846:30)\n    at eval (eval at evaluate (:226:30), <anonymous>:4:23)\n    at UtilityScript.evaluate (<anonymous>:228:17)\n    at UtilityScript.<anonymous> (<anonymous>:1:44)\n  name='Error\n  stack='Error: SyntaxError: Failed to execute 'evaluate' on 'Document': The string '//td[matches(text(), '\\d{2}\\.\\d{2}\\.\\d{4} \\d{2}:\\d{2}')]' is not a valid XPath expression.\n    at Object.queryAll (<anonymous>:41:25)\n    at InjectedScript._queryEngineAll (<anonymous>:4859:49)\n    at InjectedScript.querySelectorAll (<anonymous>:4846:30)\n    at eval (eval at evaluate (:226:30), <anonymous>:4:23)\n    at UtilityScript.evaluate (<anonymous>:228:17)\n    at UtilityScript.<anonymous> (<anonymous>:1:44)\n    at CRExecutionContext.evaluateWithArguments (/private/var/folders/6s/tp5k3vcx2ggd8r4tx3zvjcyc0000gn/T/playwright-java-11832109235495005780/package/lib/server/chromium/crExecutionContext.js:92:33)\n    at async LongStandingScope._race (/private/var/folders/6s/tp5k3vcx2ggd8r4tx3zvjcyc0000gn/T/playwright-java-11832109235495005780/package/lib/utils/manualPromise.js:96:14)\n    at async evaluateExpression (/private/var/folders/6s/tp5k3vcx2ggd8r4tx3zvjcyc0000gn/T/playwright-java-11832109235495005780/package/lib/server/javascript.js:241:12)\n    at async FrameSelectors.queryCount (/private/var/folders/6s/tp5k3vcx2ggd8r4tx3zvjcyc0000gn/T/playwright-java-11832109235495005780/package/lib/server/frameSelectors.js:74:12)\n    at async Frame.queryCount (/private/var/folders/6s/tp5k3vcx2ggd8r4tx3zvjcyc0000gn/T/playwright-java-11832109235495005780/package/lib/server/frames.js:736:12)\n    at async FrameDispatcher.queryCount (/private/var/folders/6s/tp5k3vcx2ggd8r4tx3zvjcyc0000gn/T/playwright-java-11832109235495005780/package/lib/server/dispatchers/frameDispatcher.js:129:14)\n    at async LongStandingScope._race (/private/var/folders/6s/tp5k3vcx2ggd8r4tx3zvjcyc0000gn/T/playwright-java-11832109235495005780/package/lib/utils/manualPromise.js:96:14)\n    at async FrameDispatcher._handleCommand (/private/var/folders/6s/tp5k3vcx2ggd8r4tx3zvjcyc0000gn/T/playwright-java-11832109235495005780/package/lib/server/dispatchers/dispatcher.js:86:14)\n    at async DispatcherConnection.dispatch (/private/var/folders/6s/tp5k3vcx2ggd8r4tx3zvjcyc0000gn/T/playwright-java-11832109235495005780/package/lib/server/dispatchers/dispatcher.js:351:22)\n}\n\tat com.microsoft.playwright.impl.WaitableResult.get(WaitableResult.java:54)\n\tat com.microsoft.playwright.impl.ChannelOwner.runUntil(ChannelOwner.java:120)\n\tat com.microsoft.playwright.impl.Connection.sendMessage(Connection.java:129)\n\tat com.microsoft.playwright.impl.ChannelOwner.sendMessage(ChannelOwner.java:106)\n\tat com.microsoft.playwright.impl.FrameImpl.queryCount(FrameImpl.java:1116)\n\tat com.microsoft.playwright.impl.LocatorImpl.count(LocatorImpl.java:145)\n\tat com.microsoft.playwright.impl.LocatorImpl.all(LocatorImpl.java:77)\n\tat pages.StudentInformationScreenPage.<init>(StudentInformationScreenPage.java:98)\n\tat pages.Screens.studentInformationScreen(Screens.java:49)\n\tat tests.StudentInformationScreenTests.elementVisibilityTestInOtherDropdown_historyInformation(StudentInformationScreenTests.java:118)\n\tat java.base/jdk.internal.reflect.DirectMethodHandleAccessor.invoke(DirectMethodHandleAccessor.java:104)\n\tat java.base/java.lang.reflect.Method.invoke(Method.java:578)\n\tat org.testng.internal.invokers.MethodInvocationHelper.invokeMethod(MethodInvocationHelper.java:139)\n\tat org.testng.internal.invokers.TestInvoker.invokeMethod(TestInvoker.java:664)\n\tat org.testng.internal.invokers.TestInvoker.invokeTestMethod(TestInvoker.java:228)\n\tat org.testng.internal.invokers.MethodRunner.runInSequence(MethodRunner.java:63)\n\tat org.testng.internal.invokers.TestInvoker$MethodInvocationAgent.invoke(TestInvoker.java:961)\n\tat org.testng.internal.invokers.TestInvoker.invokeTestMethods(TestInvoker.java:201)\n\tat org.testng.internal.invokers.TestMethodWorker.invokeTestMethods(TestMethodWorker.java:148)\n\tat org.testng.internal.invokers.TestMethodWorker.run(TestMethodWorker.java:128)\n\tat java.base/java.util.ArrayList.forEach(ArrayList.java:1511)\n\tat org.testng.TestRunner.privateRun(TestRunner.java:819)\n\tat org.testng.TestRunner.run(TestRunner.java:619)\n\tat org.testng.SuiteRunner.runTest(SuiteRunner.java:443)\n\tat org.testng.SuiteRunner.runSequentially(SuiteRunner.java:437)\n\tat org.testng.SuiteRunner.privateRun(SuiteRunner.java:397)\n\tat org.testng.SuiteRunner.run(SuiteRunner.java:336)\n\tat org.testng.SuiteRunnerWorker.runSuite(SuiteRunnerWorker.java:52)\n\tat org.testng.SuiteRunnerWorker.run(SuiteRunnerWorker.java:95)\n\tat org.testng.TestNG.runSuitesSequentially(TestNG.java:1301)\n\tat org.testng.TestNG.runSuitesLocally(TestNG.java:1228)\n\tat org.testng.TestNG.runSuites(TestNG.java:1134)\n\tat org.testng.TestNG.run(TestNG.java:1101)\n\tat com.intellij.rt.testng.IDEARemoteTestNG.run(IDEARemoteTestNG.java:65)\n\tat com.intellij.rt.testng.RemoteTestNGStarter.main(RemoteTestNGStarter.java:105)\nCaused by: com.microsoft.playwright.impl.DriverException: Error {\n  message='SyntaxError: Failed to execute 'evaluate' on 'Document': The string '//td[matches(text(), '\\d{2}\\.\\d{2}\\.\\d{4} \\d{2}:\\d{2}')]' is not a valid XPath expression.\n    at Object.queryAll (<anonymous>:41:25)\n    at InjectedScript._queryEngineAll (<anonymous>:4859:49)\n    at InjectedScript.querySelectorAll (<anonymous>:4846:30)\n    at eval (eval at evaluate (:226:30), <anonymous>:4:23)\n    at UtilityScript.evaluate (<anonymous>:228:17)\n    at UtilityScript.<anonymous> (<anonymous>:1:44)\n  name='Error\n  stack='Error: SyntaxError: Failed to execute 'evaluate' on 'Document': The string '//td[matches(text(), '\\d{2}\\.\\d{2}\\.\\d{4} \\d{2}:\\d{2}')]' is not a valid XPath expression.\n    at Object.queryAll (<anonymous>:41:25)\n    at InjectedScript._queryEngineAll (<anonymous>:4859:49)\n    at InjectedScript.querySelectorAll (<anonymous>:4846:30)\n    at eval (eval at evaluate (:226:30), <anonymous>:4:23)\n    at UtilityScript.evaluate (<anonymous>:228:17)\n    at UtilityScript.<anonymous> (<anonymous>:1:44)\n    at CRExecutionContext.evaluateWithArguments (/private/var/folders/6s/tp5k3vcx2ggd8r4tx3zvjcyc0000gn/T/playwright-java-11832109235495005780/package/lib/server/chromium/crExecutionContext.js:92:33)\n    at async LongStandingScope._race (/private/var/folders/6s/tp5k3vcx2ggd8r4tx3zvjcyc0000gn/T/playwright-java-11832109235495005780/package/lib/utils/manualPromise.js:96:14)\n    at async evaluateExpression (/private/var/folders/6s/tp5k3vcx2ggd8r4tx3zvjcyc0000gn/T/playwright-java-11832109235495005780/package/lib/server/javascript.js:241:12)\n    at async FrameSelectors.queryCount (/private/var/folders/6s/tp5k3vcx2ggd8r4tx3zvjcyc0000gn/T/playwright-java-11832109235495005780/package/lib/server/frameSelectors.js:74:12)\n    at async Frame.queryCount (/private/var/folders/6s/tp5k3vcx2ggd8r4tx3zvjcyc0000gn/T/playwright-java-11832109235495005780/package/lib/server/frames.js:736:12)\n    at async FrameDispatcher.queryCount (/private/var/folders/6s/tp5k3vcx2ggd8r4tx3zvjcyc0000gn/T/playwright-java-11832109235495005780/package/lib/server/dispatchers/frameDispatcher.js:129:14)\n    at async LongStandingScope._race (/private/var/folders/6s/tp5k3vcx2ggd8r4tx3zvjcyc0000gn/T/playwright-java-11832109235495005780/package/lib/utils/manualPromise.js:96:14)\n    at async FrameDispatcher._handleCommand (/private/var/folders/6s/tp5k3vcx2ggd8r4tx3zvjcyc0000gn/T/playwright-java-11832109235495005780/package/lib/server/dispatchers/dispatcher.js:86:14)\n    at async DispatcherConnection.dispatch (/private/var/folders/6s/tp5k3vcx2ggd8r4tx3zvjcyc0000gn/T/playwright-java-11832109235495005780/package/lib/server/dispatchers/dispatcher.js:351:22)\n}\n\tat com.microsoft.playwright.impl.Connection.dispatch(Connection.java:257)\n\tat com.microsoft.playwright.impl.Connection.processOneMessage(Connection.java:209)\n\tat com.microsoft.playwright.impl.ChannelOwner.runUntil(ChannelOwner.java:118)\n\t... 33 more\n"},"stage":"finished","description":"Testing Other Dropdown Element Visibility Validation -> History Information","steps":[],"attachments":[],"parameters":[],"start":1730452690301,"stop":1730452690321,"uuid":"9a783230-d271-408b-8aca-07f552df224a","historyId":"868bccec6c1264238f024a8d228e4e7b","fullName":"tests.StudentInformationScreenTests.elementVisibilityTestInOtherDropdown_historyInformation","labels":[{"name":"package","value":"tests.StudentInformationScreenTests"},{"name":"testClass","value":"tests.StudentInformationScreenTests"},{"name":"testMethod","value":"elementVisibilityTestInOtherDropdown_historyInformation"},{"name":"parentSuite","value":"Default Suite"},{"name":"suite","value":"Ubys_Test_Automation"},{"name":"subSuite","value":"tests.StudentInformationScreenTests"},{"name":"host","value":"192.168.1.4"},{"name":"thread","value":"5154@192.168.1.4.main(1)"},{"name":"framework","value":"testng"},{"name":"language","value":"java"},{"name":"feature","value":"Student Information Screen Other Dropdown "}],"links":[]}