{"name":"verifyConsultantMessagePageIsDisplayed","status":"failed","statusDetails":{"known":false,"muted":false,"flaky":false,"message":"URL does not contain expected path: https://ubs.ikc.edu.tr/Conversation/ expected [true] but found [false]","trace":"java.lang.AssertionError: URL does not contain expected path: https://ubs.ikc.edu.tr/Conversation/ expected [true] but found [false]\n\tat org.testng.Assert.fail(Assert.java:111)\n\tat org.testng.Assert.failNotEquals(Assert.java:1578)\n\tat org.testng.Assert.assertTrue(Assert.java:57)\n\tat tests.StudentInformationScreenTests.lambda$verifyConsultantMessagePageIsDisplayed$13(StudentInformationScreenTests.java:105)\n\tat io.qameta.allure.Allure.lambda$step$0(Allure.java:113)\n\tat io.qameta.allure.Allure.lambda$step$1(Allure.java:127)\n\tat io.qameta.allure.Allure.step(Allure.java:181)\n\tat io.qameta.allure.Allure.step(Allure.java:125)\n\tat io.qameta.allure.Allure.step(Allure.java:112)\n\tat tests.StudentInformationScreenTests.verifyConsultantMessagePageIsDisplayed(StudentInformationScreenTests.java:102)\n\tat java.base/jdk.internal.reflect.DirectMethodHandleAccessor.invoke(DirectMethodHandleAccessor.java:104)\n\tat java.base/java.lang.reflect.Method.invoke(Method.java:578)\n\tat org.testng.internal.invokers.MethodInvocationHelper.invokeMethod(MethodInvocationHelper.java:139)\n\tat org.testng.internal.invokers.TestInvoker.invokeMethod(TestInvoker.java:664)\n\tat org.testng.internal.invokers.TestInvoker.invokeTestMethod(TestInvoker.java:228)\n\tat org.testng.internal.invokers.MethodRunner.runInSequence(MethodRunner.java:63)\n\tat org.testng.internal.invokers.TestInvoker$MethodInvocationAgent.invoke(TestInvoker.java:961)\n\tat org.testng.internal.invokers.TestInvoker.invokeTestMethods(TestInvoker.java:201)\n\tat org.testng.internal.invokers.TestMethodWorker.invokeTestMethods(TestMethodWorker.java:148)\n\tat org.testng.internal.invokers.TestMethodWorker.run(TestMethodWorker.java:128)\n\tat java.base/java.util.ArrayList.forEach(ArrayList.java:1511)\n\tat org.testng.TestRunner.privateRun(TestRunner.java:819)\n\tat org.testng.TestRunner.run(TestRunner.java:619)\n\tat org.testng.SuiteRunner.runTest(SuiteRunner.java:443)\n\tat org.testng.SuiteRunner.runSequentially(SuiteRunner.java:437)\n\tat org.testng.SuiteRunner.privateRun(SuiteRunner.java:397)\n\tat org.testng.SuiteRunner.run(SuiteRunner.java:336)\n\tat org.testng.SuiteRunnerWorker.runSuite(SuiteRunnerWorker.java:52)\n\tat org.testng.SuiteRunnerWorker.run(SuiteRunnerWorker.java:95)\n\tat org.testng.TestNG.runSuitesSequentially(TestNG.java:1301)\n\tat org.testng.TestNG.runSuitesLocally(TestNG.java:1228)\n\tat org.testng.TestNG.runSuites(TestNG.java:1134)\n\tat org.testng.TestNG.run(TestNG.java:1101)\n\tat com.intellij.rt.testng.IDEARemoteTestNG.run(IDEARemoteTestNG.java:65)\n\tat com.intellij.rt.testng.RemoteTestNGStarter.main(RemoteTestNGStarter.java:105)\n"},"stage":"finished","description":"Testing Verify Consultant Message Page Is Displayed -> Advisor Information _ Send Message","steps":[{"name":"Login to the application with valid credentials","status":"passed","stage":"finished","steps":[],"attachments":[],"parameters":[],"start":1730377851074,"stop":1730377871471},{"name":"Navigate to the Student Information Screen","status":"passed","stage":"finished","steps":[],"attachments":[],"parameters":[],"start":1730377871471,"stop":1730377890878},{"name":"Expand the 'Other' dropdown menu","status":"passed","stage":"finished","steps":[],"attachments":[],"parameters":[],"start":1730377890881,"stop":1730377894085},{"name":"Click the Advisor Information Button","status":"passed","stage":"finished","steps":[],"attachments":[],"parameters":[],"start":1730377894087,"stop":1730377897164},{"name":"Click send message to consultant button","status":"passed","stage":"finished","steps":[],"attachments":[],"parameters":[],"start":1730377897166,"stop":1730377900231},{"name":"Verify Consultant Message Page Is Displayed","status":"failed","statusDetails":{"known":false,"muted":false,"flaky":false,"message":"URL does not contain expected path: https://ubs.ikc.edu.tr/Conversation/ expected [true] but found [false]","trace":"java.lang.AssertionError: URL does not contain expected path: https://ubs.ikc.edu.tr/Conversation/ expected [true] but found [false]\n\tat org.testng.Assert.fail(Assert.java:111)\n\tat org.testng.Assert.failNotEquals(Assert.java:1578)\n\tat org.testng.Assert.assertTrue(Assert.java:57)\n\tat tests.StudentInformationScreenTests.lambda$verifyConsultantMessagePageIsDisplayed$13(StudentInformationScreenTests.java:105)\n\tat io.qameta.allure.Allure.lambda$step$0(Allure.java:113)\n\tat io.qameta.allure.Allure.lambda$step$1(Allure.java:127)\n\tat io.qameta.allure.Allure.step(Allure.java:181)\n\tat io.qameta.allure.Allure.step(Allure.java:125)\n\tat io.qameta.allure.Allure.step(Allure.java:112)\n\tat tests.StudentInformationScreenTests.verifyConsultantMessagePageIsDisplayed(StudentInformationScreenTests.java:102)\n\tat java.base/jdk.internal.reflect.DirectMethodHandleAccessor.invoke(DirectMethodHandleAccessor.java:104)\n\tat java.base/java.lang.reflect.Method.invoke(Method.java:578)\n\tat org.testng.internal.invokers.MethodInvocationHelper.invokeMethod(MethodInvocationHelper.java:139)\n\tat org.testng.internal.invokers.TestInvoker.invokeMethod(TestInvoker.java:664)\n\tat org.testng.internal.invokers.TestInvoker.invokeTestMethod(TestInvoker.java:228)\n\tat org.testng.internal.invokers.MethodRunner.runInSequence(MethodRunner.java:63)\n\tat org.testng.internal.invokers.TestInvoker$MethodInvocationAgent.invoke(TestInvoker.java:961)\n\tat org.testng.internal.invokers.TestInvoker.invokeTestMethods(TestInvoker.java:201)\n\tat org.testng.internal.invokers.TestMethodWorker.invokeTestMethods(TestMethodWorker.java:148)\n\tat org.testng.internal.invokers.TestMethodWorker.run(TestMethodWorker.java:128)\n\tat java.base/java.util.ArrayList.forEach(ArrayList.java:1511)\n\tat org.testng.TestRunner.privateRun(TestRunner.java:819)\n\tat org.testng.TestRunner.run(TestRunner.java:619)\n\tat org.testng.SuiteRunner.runTest(SuiteRunner.java:443)\n\tat org.testng.SuiteRunner.runSequentially(SuiteRunner.java:437)\n\tat org.testng.SuiteRunner.privateRun(SuiteRunner.java:397)\n\tat org.testng.SuiteRunner.run(SuiteRunner.java:336)\n\tat org.testng.SuiteRunnerWorker.runSuite(SuiteRunnerWorker.java:52)\n\tat org.testng.SuiteRunnerWorker.run(SuiteRunnerWorker.java:95)\n\tat org.testng.TestNG.runSuitesSequentially(TestNG.java:1301)\n\tat org.testng.TestNG.runSuitesLocally(TestNG.java:1228)\n\tat org.testng.TestNG.runSuites(TestNG.java:1134)\n\tat org.testng.TestNG.run(TestNG.java:1101)\n\tat com.intellij.rt.testng.IDEARemoteTestNG.run(IDEARemoteTestNG.java:65)\n\tat com.intellij.rt.testng.RemoteTestNGStarter.main(RemoteTestNGStarter.java:105)\n"},"stage":"finished","steps":[],"attachments":[],"parameters":[],"start":1730377900238,"stop":1730377900255}],"attachments":[],"parameters":[],"start":1730377851062,"stop":1730377900259,"uuid":"b37b2b87-4e9e-4e3e-8c46-c5df98237f13","historyId":"191ef55a8deb87c26a284f9e8dd40bb9","fullName":"tests.StudentInformationScreenTests.verifyConsultantMessagePageIsDisplayed","labels":[{"name":"package","value":"tests.StudentInformationScreenTests"},{"name":"testClass","value":"tests.StudentInformationScreenTests"},{"name":"testMethod","value":"verifyConsultantMessagePageIsDisplayed"},{"name":"parentSuite","value":"Default Suite"},{"name":"suite","value":"Ubys_Test_Automation"},{"name":"subSuite","value":"tests.StudentInformationScreenTests"},{"name":"host","value":"192.168.1.4"},{"name":"thread","value":"5326@192.168.1.4.main(1)"},{"name":"framework","value":"testng"},{"name":"language","value":"java"},{"name":"feature","value":"Student Information Screen Other Dropdown "}],"links":[]}