{"name":"validateOpeningErasmusTests","status":"broken","statusDetails":{"known":false,"muted":false,"flaky":false,"message":"CAPTCHA çözümü zaman aşımına uğradı.","trace":"java.lang.Exception: CAPTCHA çözümü zaman aşımına uğradı.\n\tat utilities.CaptchaSolver.getCaptchaResult(CaptchaSolver.java:76)\n\tat utilities.CaptchaSolver.solveCaptcha(CaptchaSolver.java:24)\n\tat utilities.CaptchaSolver.solveCaptchaForPage(CaptchaSolver.java:91)\n\tat pages.LoginPage.solveCaptcha(LoginPage.java:38)\n\tat pages.LoginPage.performLogin(LoginPage.java:49)\n\tat pages.CourseSelectionCourseRegistrationPage.lambda$navigateToCourseSelectionCourseRegistration$0(CourseSelectionCourseRegistrationPage.java:22)\n\tat io.qameta.allure.Allure.lambda$step$0(Allure.java:113)\n\tat io.qameta.allure.Allure.lambda$step$1(Allure.java:127)\n\tat io.qameta.allure.Allure.step(Allure.java:181)\n\tat io.qameta.allure.Allure.step(Allure.java:125)\n\tat io.qameta.allure.Allure.step(Allure.java:112)\n\tat pages.CourseSelectionCourseRegistrationPage.navigateToCourseSelectionCourseRegistration(CourseSelectionCourseRegistrationPage.java:21)\n\tat tests.ErasmusPageTest.validateOpeningErasmusTests(ErasmusPageTest.java:20)\n\tat java.base/jdk.internal.reflect.DirectMethodHandleAccessor.invoke(DirectMethodHandleAccessor.java:104)\n\tat java.base/java.lang.reflect.Method.invoke(Method.java:578)\n\tat org.testng.internal.invokers.MethodInvocationHelper.invokeMethod(MethodInvocationHelper.java:139)\n\tat org.testng.internal.invokers.TestInvoker.invokeMethod(TestInvoker.java:664)\n\tat org.testng.internal.invokers.TestInvoker.invokeTestMethod(TestInvoker.java:228)\n\tat org.testng.internal.invokers.MethodRunner.runInSequence(MethodRunner.java:63)\n\tat org.testng.internal.invokers.TestInvoker$MethodInvocationAgent.invoke(TestInvoker.java:961)\n\tat org.testng.internal.invokers.TestInvoker.invokeTestMethods(TestInvoker.java:201)\n\tat org.testng.internal.invokers.TestMethodWorker.invokeTestMethods(TestMethodWorker.java:148)\n\tat org.testng.internal.invokers.TestMethodWorker.run(TestMethodWorker.java:128)\n\tat java.base/java.util.ArrayList.forEach(ArrayList.java:1511)\n\tat org.testng.TestRunner.privateRun(TestRunner.java:819)\n\tat org.testng.TestRunner.run(TestRunner.java:619)\n\tat org.testng.SuiteRunner.runTest(SuiteRunner.java:443)\n\tat org.testng.SuiteRunner.runSequentially(SuiteRunner.java:437)\n\tat org.testng.SuiteRunner.privateRun(SuiteRunner.java:397)\n\tat org.testng.SuiteRunner.run(SuiteRunner.java:336)\n\tat org.testng.SuiteRunnerWorker.runSuite(SuiteRunnerWorker.java:52)\n\tat org.testng.SuiteRunnerWorker.run(SuiteRunnerWorker.java:95)\n\tat org.testng.TestNG.runSuitesSequentially(TestNG.java:1301)\n\tat org.testng.TestNG.runSuitesLocally(TestNG.java:1228)\n\tat org.testng.TestNG.runSuites(TestNG.java:1134)\n\tat org.testng.TestNG.run(TestNG.java:1101)\n\tat com.intellij.rt.testng.IDEARemoteTestNG.run(IDEARemoteTestNG.java:65)\n\tat com.intellij.rt.testng.RemoteTestNGStarter.main(RemoteTestNGStarter.java:105)\n"},"stage":"finished","description":"Verifies that the specific text is visible in the Erasmus sub-module on the Student Information Screen","steps":[{"name":"Login to the application with valid credentials","status":"broken","statusDetails":{"known":false,"muted":false,"flaky":false,"message":"CAPTCHA çözümü zaman aşımına uğradı.","trace":"java.lang.Exception: CAPTCHA çözümü zaman aşımına uğradı.\n\tat utilities.CaptchaSolver.getCaptchaResult(CaptchaSolver.java:76)\n\tat utilities.CaptchaSolver.solveCaptcha(CaptchaSolver.java:24)\n\tat utilities.CaptchaSolver.solveCaptchaForPage(CaptchaSolver.java:91)\n\tat pages.LoginPage.solveCaptcha(LoginPage.java:38)\n\tat pages.LoginPage.performLogin(LoginPage.java:49)\n\tat pages.CourseSelectionCourseRegistrationPage.lambda$navigateToCourseSelectionCourseRegistration$0(CourseSelectionCourseRegistrationPage.java:22)\n\tat io.qameta.allure.Allure.lambda$step$0(Allure.java:113)\n\tat io.qameta.allure.Allure.lambda$step$1(Allure.java:127)\n\tat io.qameta.allure.Allure.step(Allure.java:181)\n\tat io.qameta.allure.Allure.step(Allure.java:125)\n\tat io.qameta.allure.Allure.step(Allure.java:112)\n\tat pages.CourseSelectionCourseRegistrationPage.navigateToCourseSelectionCourseRegistration(CourseSelectionCourseRegistrationPage.java:21)\n\tat tests.ErasmusPageTest.validateOpeningErasmusTests(ErasmusPageTest.java:20)\n\tat java.base/jdk.internal.reflect.DirectMethodHandleAccessor.invoke(DirectMethodHandleAccessor.java:104)\n\tat java.base/java.lang.reflect.Method.invoke(Method.java:578)\n\tat org.testng.internal.invokers.MethodInvocationHelper.invokeMethod(MethodInvocationHelper.java:139)\n\tat org.testng.internal.invokers.TestInvoker.invokeMethod(TestInvoker.java:664)\n\tat org.testng.internal.invokers.TestInvoker.invokeTestMethod(TestInvoker.java:228)\n\tat org.testng.internal.invokers.MethodRunner.runInSequence(MethodRunner.java:63)\n\tat org.testng.internal.invokers.TestInvoker$MethodInvocationAgent.invoke(TestInvoker.java:961)\n\tat org.testng.internal.invokers.TestInvoker.invokeTestMethods(TestInvoker.java:201)\n\tat org.testng.internal.invokers.TestMethodWorker.invokeTestMethods(TestMethodWorker.java:148)\n\tat org.testng.internal.invokers.TestMethodWorker.run(TestMethodWorker.java:128)\n\tat java.base/java.util.ArrayList.forEach(ArrayList.java:1511)\n\tat org.testng.TestRunner.privateRun(TestRunner.java:819)\n\tat org.testng.TestRunner.run(TestRunner.java:619)\n\tat org.testng.SuiteRunner.runTest(SuiteRunner.java:443)\n\tat org.testng.SuiteRunner.runSequentially(SuiteRunner.java:437)\n\tat org.testng.SuiteRunner.privateRun(SuiteRunner.java:397)\n\tat org.testng.SuiteRunner.run(SuiteRunner.java:336)\n\tat org.testng.SuiteRunnerWorker.runSuite(SuiteRunnerWorker.java:52)\n\tat org.testng.SuiteRunnerWorker.run(SuiteRunnerWorker.java:95)\n\tat org.testng.TestNG.runSuitesSequentially(TestNG.java:1301)\n\tat org.testng.TestNG.runSuitesLocally(TestNG.java:1228)\n\tat org.testng.TestNG.runSuites(TestNG.java:1134)\n\tat org.testng.TestNG.run(TestNG.java:1101)\n\tat com.intellij.rt.testng.IDEARemoteTestNG.run(IDEARemoteTestNG.java:65)\n\tat com.intellij.rt.testng.RemoteTestNGStarter.main(RemoteTestNGStarter.java:105)\n"},"stage":"finished","steps":[],"attachments":[],"parameters":[],"start":1735409023353,"stop":1735409139507}],"attachments":[],"parameters":[],"start":1735409023343,"stop":1735409139514,"uuid":"df8c5705-1b9b-40e2-9907-530de89fd3a5","historyId":"25dbc3a668a2b858293d6746d14e0204","fullName":"tests.ErasmusPageTest.validateOpeningErasmusTests","labels":[{"name":"package","value":"tests.ErasmusPageTest"},{"name":"testClass","value":"tests.ErasmusPageTest"},{"name":"testMethod","value":"validateOpeningErasmusTests"},{"name":"parentSuite","value":"Default Suite"},{"name":"suite","value":"Ubys_Test_Automation"},{"name":"subSuite","value":"tests.ErasmusPageTest"},{"name":"host","value":"Eray-MacBook-Air.local"},{"name":"thread","value":"7308@Eray-MacBook-Air.local.main(1)"},{"name":"framework","value":"testng"},{"name":"language","value":"java"},{"name":"feature","value":"Student Information Screen - Erasmus Verify Page Opening"}],"links":[]}